<?xml version="1.0" encoding="UTF-8"?>
<!-- Generated by org.testng.reporters.JUnitReportReporter -->
<testsuite hostname="hp-PC" name="myMavenPack.myMavenClass" tests="2" failures="0" timestamp="17 Apr 2017 14:02:24 GMT" time="0.021" errors="0">
  <testcase name="printdata" time="0.020" classname="myMavenPack.myMavenClass"/>
  <testcase name="printdata1" time="0.001" classname="myMavenPack.myMavenClass"/>
</testsuite> <!-- myMavenPack.myMavenClass -->
