<?xml version="1.0" encoding="UTF-8"?>
<!-- Generated by org.testng.reporters.JUnitReportReporter -->
<testsuite hostname="hp-PC" name="myMavenPack.myMavenClass" tests="2" failures="0" timestamp="15 Apr 2017 06:43:00 GMT" time="0.034" errors="0">
  <testcase name="printdata" time="0.031" classname="myMavenPack.myMavenClass"/>
  <testcase name="printdata1" time="0.003" classname="myMavenPack.myMavenClass"/>
</testsuite> <!-- myMavenPack.myMavenClass -->
